<?xml version="1.0" encoding="UTF-8"?>
<!-- Generated by org.testng.reporters.JUnitReportReporter -->
<testsuite skipped="0" hostname="DESKTOP-M0OJOK9" name="EShopper.AU05" tests="1" failures="0" timestamp="02 May 2022 00:47:54 GMT" time="1.876" errors="0">
  <testcase name="AU05" time="1.876" classname="EShopper.AU05"/>
</testsuite> <!-- EShopper.AU05 -->
