<?xml version="1.0" encoding="UTF-8"?>
<!-- Generated by org.testng.reporters.JUnitReportReporter -->
<testsuite skipped="0" hostname="DESKTOP-M0OJOK9" name="EShopper.AU02" tests="1" failures="0" timestamp="02 May 2022 00:47:54 GMT" time="4.523" errors="0">
  <testcase name="AU02" time="4.523" classname="EShopper.AU02"/>
</testsuite> <!-- EShopper.AU02 -->
